build/outputs/logs/manifest-merger-debug-report.txt
-- Merging decision tree log ---
manifest
ADDED from AndroidGoogleColudMessaging/AndroidPushNotificationsUsingGCM/AndroidManifest.xml:2:1-76:12
	xmlns:android
		ADDED from AndroidGoogleColudMessaging/AndroidPushNotificationsUsingGCM/AndroidManifest.xml:2:11-69
	package
		ADDED from AndroidGoogleColudMessaging/AndroidPushNotificationsUsingGCM/AndroidManifest.xml:3:5-48
	android:versionName
		ADDED from AndroidGoogleColudMessaging/AndroidPushNotificationsUsingGCM/AndroidManifest.xml:5:5-30
		INJECTED from AndroidGoogleColudMessaging/AndroidPushNotificationsUsingGCM/AndroidManifest.xml
		INJECTED from AndroidGoogleColudMessaging/AndroidPushNotificationsUsingGCM/AndroidManifest.xml
	android:versionCode
		ADDED from AndroidGoogleColudMessaging/AndroidPushNotificationsUsingGCM/AndroidManifest.xml:4:5-28
		INJECTED from AndroidGoogleColudMessaging/AndroidPushNotificationsUsingGCM/AndroidManifest.xml
		INJECTED from AndroidGoogleColudMessaging/AndroidPushNotificationsUsingGCM/AndroidManifest.xml
uses-sdk
ADDED from AndroidGoogleColudMessaging/AndroidPushNotificationsUsingGCM/AndroidManifest.xml:8:5-10:41
	android:targetSdkVersion
		ADDED from AndroidGoogleColudMessaging/AndroidPushNotificationsUsingGCM/AndroidManifest.xml:10:9-38
	android:minSdkVersion
		ADDED from AndroidGoogleColudMessaging/AndroidPushNotificationsUsingGCM/AndroidManifest.xml:9:9-34
uses-permission#android.permission.INTERNET
ADDED from AndroidGoogleColudMessaging/AndroidPushNotificationsUsingGCM/AndroidManifest.xml:13:5-67
	android:name
		ADDED from AndroidGoogleColudMessaging/AndroidPushNotificationsUsingGCM/AndroidManifest.xml:13:22-64
uses-permission#android.permission.GET_ACCOUNTS
ADDED from AndroidGoogleColudMessaging/AndroidPushNotificationsUsingGCM/AndroidManifest.xml:16:5-71
	android:name
		ADDED from AndroidGoogleColudMessaging/AndroidPushNotificationsUsingGCM/AndroidManifest.xml:16:22-68
uses-permission#android.permission.WAKE_LOCK
ADDED from AndroidGoogleColudMessaging/AndroidPushNotificationsUsingGCM/AndroidManifest.xml:19:5-68
	android:name
		ADDED from AndroidGoogleColudMessaging/AndroidPushNotificationsUsingGCM/AndroidManifest.xml:19:22-65
permission#com.androidhive.pushnotifications.permission.C2D_MESSAGE
ADDED from AndroidGoogleColudMessaging/AndroidPushNotificationsUsingGCM/AndroidManifest.xml:22:5-24:47
	android:protectionLevel
		ADDED from AndroidGoogleColudMessaging/AndroidPushNotificationsUsingGCM/AndroidManifest.xml:24:9-44
	android:name
		ADDED from AndroidGoogleColudMessaging/AndroidPushNotificationsUsingGCM/AndroidManifest.xml:23:9-80
uses-permission#com.androidhive.pushnotifications.permission.C2D_MESSAGE
ADDED from AndroidGoogleColudMessaging/AndroidPushNotificationsUsingGCM/AndroidManifest.xml:26:5-96
	android:name
		ADDED from AndroidGoogleColudMessaging/AndroidPushNotificationsUsingGCM/AndroidManifest.xml:26:22-93
uses-permission#com.google.android.c2dm.permission.RECEIVE
ADDED from AndroidGoogleColudMessaging/AndroidPushNotificationsUsingGCM/AndroidManifest.xml:29:5-82
	android:name
		ADDED from AndroidGoogleColudMessaging/AndroidPushNotificationsUsingGCM/AndroidManifest.xml:29:22-79
uses-permission#android.permission.ACCESS_NETWORK_STATE
ADDED from AndroidGoogleColudMessaging/AndroidPushNotificationsUsingGCM/AndroidManifest.xml:32:5-79
	android:name
		ADDED from AndroidGoogleColudMessaging/AndroidPushNotificationsUsingGCM/AndroidManifest.xml:32:22-76
uses-permission#android.permission.VIBRATE
ADDED from AndroidGoogleColudMessaging/AndroidPushNotificationsUsingGCM/AndroidManifest.xml:35:5-66
	android:name
		ADDED from AndroidGoogleColudMessaging/AndroidPushNotificationsUsingGCM/AndroidManifest.xml:35:22-63
application
ADDED from AndroidGoogleColudMessaging/AndroidPushNotificationsUsingGCM/AndroidManifest.xml:38:5-74:19
	android:label
		ADDED from AndroidGoogleColudMessaging/AndroidPushNotificationsUsingGCM/AndroidManifest.xml:40:9-41
	android:icon
		ADDED from AndroidGoogleColudMessaging/AndroidPushNotificationsUsingGCM/AndroidManifest.xml:39:9-45
activity#com.androidhive.pushnotifications.RegisterActivity
ADDED from AndroidGoogleColudMessaging/AndroidPushNotificationsUsingGCM/AndroidManifest.xml:42:9-50:20
	android:label
		ADDED from AndroidGoogleColudMessaging/AndroidPushNotificationsUsingGCM/AndroidManifest.xml:44:13-45
	android:name
		ADDED from AndroidGoogleColudMessaging/AndroidPushNotificationsUsingGCM/AndroidManifest.xml:43:13-45
intent-filter#android.intent.action.MAIN+android.intent.category.LAUNCHER
ADDED from AndroidGoogleColudMessaging/AndroidPushNotificationsUsingGCM/AndroidManifest.xml:45:13-49:29
action#android.intent.action.MAIN
ADDED from AndroidGoogleColudMessaging/AndroidPushNotificationsUsingGCM/AndroidManifest.xml:46:17-69
	android:name
		ADDED from AndroidGoogleColudMessaging/AndroidPushNotificationsUsingGCM/AndroidManifest.xml:46:25-66
category#android.intent.category.LAUNCHER
ADDED from AndroidGoogleColudMessaging/AndroidPushNotificationsUsingGCM/AndroidManifest.xml:48:17-77
	android:name
		ADDED from AndroidGoogleColudMessaging/AndroidPushNotificationsUsingGCM/AndroidManifest.xml:48:27-74
activity#com.androidhive.pushnotifications.MainActivity
ADDED from AndroidGoogleColudMessaging/AndroidPushNotificationsUsingGCM/AndroidManifest.xml:53:9-57:20
	android:label
		ADDED from AndroidGoogleColudMessaging/AndroidPushNotificationsUsingGCM/AndroidManifest.xml:56:13-45
	android:configChanges
		ADDED from AndroidGoogleColudMessaging/AndroidPushNotificationsUsingGCM/AndroidManifest.xml:55:13-63
	android:name
		ADDED from AndroidGoogleColudMessaging/AndroidPushNotificationsUsingGCM/AndroidManifest.xml:54:13-41
receiver#com.google.android.gcm.GCMBroadcastReceiver
ADDED from AndroidGoogleColudMessaging/AndroidPushNotificationsUsingGCM/AndroidManifest.xml:59:9-71:20
	android:permission
		ADDED from AndroidGoogleColudMessaging/AndroidPushNotificationsUsingGCM/AndroidManifest.xml:61:13-73
	android:name
		ADDED from AndroidGoogleColudMessaging/AndroidPushNotificationsUsingGCM/AndroidManifest.xml:60:13-71
intent-filter#com.androidhive.pushnotifications+com.google.android.c2dm.intent.RECEIVE+com.google.android.c2dm.intent.REGISTRATION
ADDED from AndroidGoogleColudMessaging/AndroidPushNotificationsUsingGCM/AndroidManifest.xml:62:13-70:29
action#com.google.android.c2dm.intent.RECEIVE
ADDED from AndroidGoogleColudMessaging/AndroidPushNotificationsUsingGCM/AndroidManifest.xml:65:17-81
	android:name
		ADDED from AndroidGoogleColudMessaging/AndroidPushNotificationsUsingGCM/AndroidManifest.xml:65:25-78
action#com.google.android.c2dm.intent.REGISTRATION
ADDED from AndroidGoogleColudMessaging/AndroidPushNotificationsUsingGCM/AndroidManifest.xml:67:17-86
	android:name
		ADDED from AndroidGoogleColudMessaging/AndroidPushNotificationsUsingGCM/AndroidManifest.xml:67:25-83
category#com.androidhive.pushnotifications
ADDED from AndroidGoogleColudMessaging/AndroidPushNotificationsUsingGCM/AndroidManifest.xml:69:17-78
	android:name
		ADDED from AndroidGoogleColudMessaging/AndroidPushNotificationsUsingGCM/AndroidManifest.xml:69:27-75
service#com.androidhive.pushnotifications.GCMIntentService
ADDED from AndroidGoogleColudMessaging/AndroidPushNotificationsUsingGCM/AndroidManifest.xml:73:9-53
	android:name
		ADDED from AndroidGoogleColudMessaging/AndroidPushNotificationsUsingGCM/AndroidManifest.xml:73:18-50